# JRE version: OpenJDK Runtime Environment Corretto-17.0.8.8.1 (17.0.8.1+8) (build 17.0.8.1+8-LTS)
# Java VM: OpenJDK 64-Bit Server VM Corretto-17.0.8.8.1 (17.0.8.1+8-LTS, mixed mode, sharing, tiered, compressed oops, compressed class ptrs, g1 gc, bsd-amd64)
GC Precious Log:
 CPUs: 8 total, 8 available
 Memory: 16384M
 Large Page Support: Disabled
 NUMA Support: Disabled
 Compressed Oops: Enabled (Zero based)
 Heap Region Size: 1M
 Heap Min Capacity: 8M
 Heap Initial Capacity: 256M
 Heap Max Capacity: 2G
 Pre-touch: Disabled
 Parallel Workers: 8
 Concurrent Workers: 2
 Concurrent Refinement Workers: 8
 Periodic GC: Disabled
Heap:
 garbage-first heap   total 231424K, used 145147K [0x0000000780000000, 0x0000000800000000)
  region size 1024K, 13 young (13312K), 5 survivors (5120K)
 Metaspace       used 111990K, committed 113216K, reserved 557056K
  class space    used 15750K, committed 16320K, reserved 425984K
GC Heap History (20 events):
Event: 17.178 GC heap before
{Heap before GC invocations=33 (full 0):
 garbage-first heap   total 231424K, used 180557K [0x0000000780000000, 0x0000000800000000)
  region size 1024K, 92 young (94208K), 9 survivors (9216K)
 Metaspace       used 82331K, committed 83392K, reserved 557056K
  class space    used 11760K, committed 12288K, reserved 425984K
}
Event: 17.184 GC heap after
{Heap after GC invocations=34 (full 0):
 garbage-first heap   total 231424K, used 99957K [0x0000000780000000, 0x0000000800000000)
  region size 1024K, 7 young (7168K), 7 survivors (7168K)
 Metaspace       used 82331K, committed 83392K, reserved 557056K
  class space    used 11760K, committed 12288K, reserved 425984K
}
Event: 18.144 GC heap before
{Heap before GC invocations=34 (full 0):
 garbage-first heap   total 231424K, used 186997K [0x0000000780000000, 0x0000000800000000)
  region size 1024K, 88 young (90112K), 7 survivors (7168K)
 Metaspace       used 87926K, committed 89088K, reserved 557056K
  class space    used 12385K, committed 12928K, reserved 425984K
}
Event: 18.149 GC heap after
{Heap after GC invocations=35 (full 0):
 garbage-first heap   total 231424K, used 111087K [0x0000000780000000, 0x0000000800000000)
  region size 1024K, 11 young (11264K), 11 survivors (11264K)
 Metaspace       used 87926K, committed 89088K, reserved 557056K
  class space    used 12385K, committed 12928K, reserved 425984K
}
Event: 18.945 GC heap before
{Heap before GC invocations=35 (full 0):
 garbage-first heap   total 231424K, used 191983K [0x0000000780000000, 0x0000000800000000)
  region size 1024K, 85 young (87040K), 11 survivors (11264K)
 Metaspace       used 93096K, committed 94272K, reserved 557056K
  class space    used 12998K, committed 13568K, reserved 425984K
}
Event: 18.954 GC heap after
{Heap after GC invocations=36 (full 0):
 garbage-first heap   total 231424K, used 118451K [0x0000000780000000, 0x0000000800000000)
  region size 1024K, 7 young (7168K), 7 survivors (7168K)
 Metaspace       used 93096K, committed 94272K, reserved 557056K
  class space    used 12998K, committed 13568K, reserved 425984K
}
Event: 19.635 GC heap before
{Heap before GC invocations=36 (full 0):
 garbage-first heap   total 231424K, used 190131K [0x0000000780000000, 0x0000000800000000)
  region size 1024K, 74 young (75776K), 7 survivors (7168K)
 Metaspace       used 97245K, committed 98368K, reserved 557056K
  class space    used 13555K, committed 14144K, reserved 425984K
}
Event: 19.639 GC heap after
{Heap after GC invocations=37 (full 0):
 garbage-first heap   total 231424K, used 124668K [0x0000000780000000, 0x0000000800000000)
  region size 1024K, 4 young (4096K), 4 survivors (4096K)
 Metaspace       used 97245K, committed 98368K, reserved 557056K
  class space    used 13555K, committed 14144K, reserved 425984K
}
Event: 20.582 GC heap before
{Heap before GC invocations=37 (full 0):
 garbage-first heap   total 231424K, used 190204K [0x0000000780000000, 0x0000000800000000)
  region size 1024K, 68 young (69632K), 4 survivors (4096K)
 Metaspace       used 100366K, committed 101568K, reserved 557056K
  class space    used 14021K, committed 14592K, reserved 425984K
}
Event: 20.586 GC heap after
{Heap after GC invocations=38 (full 0):
 garbage-first heap   total 231424K, used 127402K [0x0000000780000000, 0x0000000800000000)
  region size 1024K, 6 young (6144K), 6 survivors (6144K)
 Metaspace       used 100366K, committed 101568K, reserved 557056K
  class space    used 14021K, committed 14592K, reserved 425984K
}
Event: 20.970 GC heap before
{Heap before GC invocations=38 (full 0):
 garbage-first heap   total 231424K, used 191914K [0x0000000780000000, 0x0000000800000000)
  region size 1024K, 69 young (70656K), 6 survivors (6144K)
 Metaspace       used 101408K, committed 102528K, reserved 557056K
  class space    used 14167K, committed 14720K, reserved 425984K
}
Event: 20.976 GC heap after
{Heap after GC invocations=39 (full 0):
 garbage-first heap   total 231424K, used 131334K [0x0000000780000000, 0x0000000800000000)
  region size 1024K, 7 young (7168K), 7 survivors (7168K)
 Metaspace       used 101408K, committed 102528K, reserved 557056K
  class space    used 14167K, committed 14720K, reserved 425984K
}
Event: 21.639 GC heap before
{Heap before GC invocations=39 (full 0):
 garbage-first heap   total 231424K, used 192774K [0x0000000780000000, 0x0000000800000000)
  region size 1024K, 67 young (68608K), 7 survivors (7168K)
 Metaspace       used 104804K, committed 106048K, reserved 557056K
  class space    used 14643K, committed 15232K, reserved 425984K
}
Event: 21.644 GC heap after
{Heap after GC invocations=40 (full 0):
 garbage-first heap   total 231424K, used 133387K [0x0000000780000000, 0x0000000800000000)
  region size 1024K, 6 young (6144K), 6 survivors (6144K)
 Metaspace       used 104804K, committed 106048K, reserved 557056K
  class space    used 14643K, committed 15232K, reserved 425984K
}
Event: 22.399 GC heap before
{Heap before GC invocations=40 (full 0):
 garbage-first heap   total 231424K, used 194827K [0x0000000780000000, 0x0000000800000000)
  region size 1024K, 66 young (67584K), 6 survivors (6144K)
 Metaspace       used 108385K, committed 109568K, reserved 557056K
  class space    used 15282K, committed 15872K, reserved 425984K
}
Event: 22.404 GC heap after
{Heap after GC invocations=41 (full 0):
 garbage-first heap   total 231424K, used 135071K [0x0000000780000000, 0x0000000800000000)
  region size 1024K, 4 young (4096K), 4 survivors (4096K)
 Metaspace       used 108385K, committed 109568K, reserved 557056K
  class space    used 15282K, committed 15872K, reserved 425984K
}
Event: 22.980 GC heap before
{Heap before GC invocations=41 (full 0):
 garbage-first heap   total 231424K, used 195487K [0x0000000780000000, 0x0000000800000000)
  region size 1024K, 63 young (64512K), 4 survivors (4096K)
 Metaspace       used 111252K, committed 112512K, reserved 557056K
  class space    used 15652K, committed 16256K, reserved 425984K
}
Event: 22.984 GC heap after
{Heap after GC invocations=42 (full 0):
 garbage-first heap   total 231424K, used 137180K [0x0000000780000000, 0x0000000800000000)
  region size 1024K, 6 young (6144K), 6 survivors (6144K)
 Metaspace       used 111252K, committed 112512K, reserved 557056K
  class space    used 15652K, committed 16256K, reserved 425984K
}
Event: 23.066 GC heap before
{Heap before GC invocations=42 (full 0):
 garbage-first heap   total 231424K, used 144348K [0x0000000780000000, 0x0000000800000000)
  region size 1024K, 14 young (14336K), 6 survivors (6144K)
 Metaspace       used 111626K, committed 112896K, reserved 557056K
  class space    used 15700K, committed 16256K, reserved 425984K
}
Event: 23.071 GC heap after
{Heap after GC invocations=43 (full 0):
 garbage-first heap   total 231424K, used 137979K [0x0000000780000000, 0x0000000800000000)
  region size 1024K, 5 young (5120K), 5 survivors (5120K)
 Metaspace       used 111626K, committed 112896K, reserved 557056K
  class space    used 15700K, committed 16256K, reserved 425984K
}

